<?xml version="1.0" encoding="UTF-8"?>
<!-- Generated by org.testng.reporters.JUnitReportReporter -->
<testsuite hostname="DESKTOP-C4CLAPK" failures="0" tests="1" name="TestExecution.Sample" time="0.012" errors="0" timestamp="2023-12-29T13:01:43 IST" skipped="0">
  <testcase classname="TestExecution.Sample" name="test" time="0.012"/>
</testsuite> <!-- TestExecution.Sample -->
