<?xml version="1.0" encoding="UTF-8"?>
<!-- Generated by org.testng.reporters.JUnitReportReporter -->
<testsuite hostname="DESKTOP-C4CLAPK" failures="0" tests="1" name="TestExecution.LoginTest" time="3.345" errors="0" timestamp="2023-12-30T18:10:10 IST" skipped="0">
  <testcase classname="TestExecution.LoginTest" name="login_Positive_Test" time="3.345"/>
</testsuite> <!-- TestExecution.LoginTest -->
