<?xml version="1.0" encoding="UTF-8"?>
<!-- Generated by org.testng.reporters.JUnitReportReporter -->
<testsuite hostname="DESKTOP-C4CLAPK" failures="0" tests="3" name="TestExecution.LoginNegativeTest" time="14.819" errors="0" timestamp="2023-12-30T17:49:14 IST" skipped="0">
  <testcase classname="TestExecution.LoginNegativeTest" name="login_Negative_Test" time="5.117"/>
  <testcase classname="TestExecution.LoginNegativeTest" name="login_Negative_Test" time="4.627"/>
  <testcase classname="TestExecution.LoginNegativeTest" name="login_Negative_Test" time="5.075"/>
</testsuite> <!-- TestExecution.LoginNegativeTest -->
